PLINK v1.90b6.21 64-bit (19 Oct 2020)
Options in effect:
  --bfile data/ukb22418_c19_b0_v2
  --extract range data/apoe-region.txt
  --make-bed
  --out data/apoe-region

Hostname: wpea-149175-ws
Working directory: /home/gotto/project/ukb-liftover
Start time: Tue Mar 21 18:50:51 2023

Random number seed: 1679424651
64040 MB RAM detected; reserving 32020 MB for main workspace.
26186 variants loaded from .bim file.
488377 people (223429 males, 264741 females, 207 ambiguous) loaded from .fam.
Ambiguous sex IDs written to data/apoe-region.nosex .
--extract range: 26131 variants excluded.
--extract range: 55 variants remaining.
Using 1 thread (no multithreaded calculations invoked).
Before main variant filters, 488377 founders and 0 nonfounders present.
Calculating allele frequencies... done.
Total genotyping rate is 0.939693.
55 variants and 488377 people pass filters and QC.
Note: No phenotypes present.
--make-bed to data/apoe-region.bed + data/apoe-region.bim +
data/apoe-region.fam ... done.

End time: Tue Mar 21 18:50:51 2023
